Unity Editor version:    2021.3.2f1 (d6360bedb9a0)
Branch:                  2021.3/staging
Build type:              Release
Batch mode:              YES
macOS version:           Version 11.6 (Build 20G165)
Darwin version:          20.6.0
Architecture:            x86_64
Running under Rosetta:   NO
Available memory:        16384 MB
Using pre-set license
Pro License: YES

COMMAND LINE ARGUMENTS:
/Applications/Unity/Hub/Editor/2021.3.2f1/Unity.app/Contents/MacOS/Unity
-adb2
-batchMode
-noUpm
-name
AssetImportWorker0
-projectPath
/Users/seumus/Projects/Unity/Rocklet - Escape The Factory
-logFile
Logs/AssetImportWorker0.log
-srvPort
64470
Successfully changed project path to: /Users/seumus/Projects/Unity/Rocklet - Escape The Factory
/Users/seumus/Projects/Unity/Rocklet - Escape The Factory
[UnityMemory] Configuration Parameters - Can be set up in boot.config
    "memorysetup-bucket-allocator-granularity=16"
    "memorysetup-bucket-allocator-bucket-count=8"
    "memorysetup-bucket-allocator-block-size=33554432"
    "memorysetup-bucket-allocator-block-count=8"
    "memorysetup-main-allocator-block-size=16777216"
    "memorysetup-thread-allocator-block-size=16777216"
    "memorysetup-gfx-main-allocator-block-size=16777216"
    "memorysetup-gfx-thread-allocator-block-size=16777216"
    "memorysetup-cache-allocator-block-size=4194304"
    "memorysetup-typetree-allocator-block-size=2097152"
    "memorysetup-profiler-bucket-allocator-granularity=16"
    "memorysetup-profiler-bucket-allocator-bucket-count=8"
    "memorysetup-profiler-bucket-allocator-block-size=33554432"
    "memorysetup-profiler-bucket-allocator-block-count=8"
    "memorysetup-profiler-allocator-block-size=16777216"
    "memorysetup-profiler-editor-allocator-block-size=1048576"
    "memorysetup-temp-allocator-size-main=16777216"
    "memorysetup-job-temp-allocator-block-size=2097152"
    "memorysetup-job-temp-allocator-block-size-background=1048576"
    "memorysetup-job-temp-allocator-reduction-small-platforms=262144"
    "memorysetup-temp-allocator-size-background-worker=32768"
    "memorysetup-temp-allocator-size-job-worker=262144"
    "memorysetup-temp-allocator-size-preload-manager=33554432"
    "memorysetup-temp-allocator-size-nav-mesh-worker=65536"
    "memorysetup-temp-allocator-size-audio-worker=65536"
    "memorysetup-temp-allocator-size-cloud-worker=32768"
    "memorysetup-temp-allocator-size-gi-baking-worker=262144"
    "memorysetup-temp-allocator-size-gfx=262144"
Refreshing native plugins compatible for Editor in 92.39 ms, found 2 plugins.
Preloading 0 native plugins for Editor in 0.00 ms.
Initialize engine version: 2021.3.2f1 (d6360bedb9a0)
[Subsystems] Discovering subsystems at path /Applications/Unity/Hub/Editor/2021.3.2f1/Unity.app/Contents/Resources/UnitySubsystems
[Subsystems] Discovering subsystems at path /Users/seumus/Projects/Unity/Rocklet - Escape The Factory/Assets
GfxDevice: creating device client; threaded=0; jobified=0
VS248 preferred device: Intel(R) Iris(TM) Plus Graphics (low power)
Metal devices available: 1
0: Intel(R) Iris(TM) Plus Graphics (low power)
Using device Intel(R) Iris(TM) Plus Graphics (low power)
Initializing Metal device caps: Intel(R) Iris(TM) Plus Graphics
Initialize mono
Mono path[0] = '/Applications/Unity/Hub/Editor/2021.3.2f1/Unity.app/Contents/Managed'
Mono path[1] = '/Applications/Unity/Hub/Editor/2021.3.2f1/Unity.app/Contents/MonoBleedingEdge/lib/mono/unityjit-macos'
Mono config path = '/Applications/Unity/Hub/Editor/2021.3.2f1/Unity.app/Contents/MonoBleedingEdge/etc'
Using monoOptions --debugger-agent=transport=dt_socket,embedding=1,server=y,suspend=n,address=127.0.0.1:56535
Begin MonoManager ReloadAssembly
Registering precompiled unity dll's ...
Register platform support module: /Applications/Unity/Hub/Editor/2021.3.2f1/PlaybackEngines/WebGLSupport/UnityEditor.WebGL.Extensions.dll
Register platform support module: /Applications/Unity/Hub/Editor/2021.3.2f1/Unity.app/Contents/PlaybackEngines/MacStandaloneSupport/UnityEditor.OSXStandalone.Extensions.dll
Registered in 0.005479 seconds.
Native extension for OSXStandalone target not found
Native extension for WebGL target not found
Refreshing native plugins compatible for Editor in 94.25 ms, found 2 plugins.
Preloading 0 native plugins for Editor in 0.00 ms.
Mono: successfully reloaded assembly
- Completed reload, in  1.249 seconds
Domain Reload Profiling:
	ReloadAssembly (1250ms)
		BeginReloadAssembly (242ms)
			ExecutionOrderSort (0ms)
			DisableScriptedObjects (0ms)
			BackupInstance (0ms)
			ReleaseScriptingObjects (0ms)
			CreateAndSetChildDomain (1ms)
		EndReloadAssembly (696ms)
			LoadAssemblies (244ms)
			RebuildTransferFunctionScriptingTraits (0ms)
			SetupTypeCache (205ms)
			ReleaseScriptCaches (0ms)
			RebuildScriptCaches (43ms)
			SetupLoadedEditorAssemblies (381ms)
				LogAssemblyErrors (0ms)
				InitializePlatformSupportModulesInManaged (16ms)
				SetLoadedEditorAssemblies (0ms)
				RefreshPlugins (94ms)
				BeforeProcessingInitializeOnLoad (2ms)
				ProcessInitializeOnLoadAttributes (200ms)
				ProcessInitializeOnLoadMethodAttributes (68ms)
				AfterProcessingInitializeOnLoad (0ms)
				EditorAssembliesLoaded (0ms)
			ExecutionOrderSort2 (0ms)
			AwakeInstancesAfterBackupRestoration (0ms)
Platform modules already initialized, skipping
Registering precompiled user dll's ...
Registered in 0.003054 seconds.
Begin MonoManager ReloadAssembly
Symbol file LoadedFromMemory doesn't match image /Users/seumus/Projects/Unity/Rocklet - Escape The Factory/Library/PackageCache/com.unity.visualscripting@1.7.6/Editor/VisualScripting.Core/Dependencies/YamlDotNet/Unity.VisualScripting.YamlDotNet.dll
Symbol file LoadedFromMemory doesn't match image /Users/seumus/Projects/Unity/Rocklet - Escape The Factory/Library/PackageCache/com.unity.visualscripting@1.7.6/Editor/VisualScripting.Core/Dependencies/DotNetZip/Unity.VisualScripting.IonicZip.dll
Native extension for OSXStandalone target not found
Native extension for WebGL target not found
Refreshing native plugins compatible for Editor in 0.52 ms, found 2 plugins.
Preloading 0 native plugins for Editor in 0.00 ms.
Mono: successfully reloaded assembly
- Completed reload, in  1.563 seconds
Domain Reload Profiling:
	ReloadAssembly (1564ms)
		BeginReloadAssembly (177ms)
			ExecutionOrderSort (0ms)
			DisableScriptedObjects (13ms)
			BackupInstance (0ms)
			ReleaseScriptingObjects (0ms)
			CreateAndSetChildDomain (41ms)
		EndReloadAssembly (1200ms)
			LoadAssemblies (152ms)
			RebuildTransferFunctionScriptingTraits (0ms)
			SetupTypeCache (424ms)
			ReleaseScriptCaches (1ms)
			RebuildScriptCaches (79ms)
			SetupLoadedEditorAssemblies (496ms)
				LogAssemblyErrors (0ms)
				InitializePlatformSupportModulesInManaged (7ms)
				SetLoadedEditorAssemblies (1ms)
				RefreshPlugins (1ms)
				BeforeProcessingInitializeOnLoad (96ms)
				ProcessInitializeOnLoadAttributes (349ms)
				ProcessInitializeOnLoadMethodAttributes (41ms)
				AfterProcessingInitializeOnLoad (3ms)
				EditorAssembliesLoaded (0ms)
			ExecutionOrderSort2 (0ms)
			AwakeInstancesAfterBackupRestoration (5ms)
Platform modules already initialized, skipping
========================================================================
Worker process is ready to serve import requests
Launching external process: /Applications/Unity/Hub/Editor/2021.3.2f1/Unity.app/Contents/Tools/UnityShaderCompiler
Launched and connected shader compiler UnityShaderCompiler after 0.03 seconds
Refreshing native plugins compatible for Editor in 0.49 ms, found 2 plugins.
Preloading 0 native plugins for Editor in 0.00 ms.
Unloading 3360 Unused Serialized files (Serialized files now loaded: 0)
Unloading 26 unused Assets / (156.2 KB). Loaded Objects now: 3817.
Memory consumption went from 226.6 MB to 226.4 MB.
Total: 3.909341 ms (FindLiveObjects: 0.368273 ms CreateObjectMapping: 0.178307 ms MarkObjects: 3.195572 ms  DeleteObjects: 0.164679 ms)

AssetImportParameters requested are different than current active one (requested -> active):
  custom:video-decoder-ogg-theora: a1e56fd34408186e4bbccfd4996cb3dc -> 
  custom:container-muxer-webm: aa71ff27fc2769a1b78a27578f13a17b -> 
  custom:container-demuxer-webm: 4f35f7cbe854078d1ac9338744f61a02 -> 
  custom:video-encoder-webm-vp8: eb34c28f22e8b96e1ab97ce403110664 -> 
  custom:framework-osx-AVFoundation: e770b220cccbd017edd2c1fefb359320 -> 
  custom:audio-encoder-webm-vorbis: bf7c407c2cedff20999df2af8eb42d56 -> 
  custom:container-demuxer-ogg: 62fdf1f143b41e24485cea50d1cbac27 -> 
  custom:video-decoder-webm-vp8: 9c59270c3fd7afecdb556c50c9e8de78 -> 
  custom:audio-decoder-ogg-vorbis: bf7c407c2cedff20999df2af8eb42d56 -> 
========================================================================
Received Import Request.
  Time since last request: 154149.109430 seconds.
  path: Assets/Materials
  artifactKey: Guid(9f151ad33bcbc4adabd60e34488fcb7d) Importer(815301076,1909f56bfc062723c751e8b465ee728b)
Start importing Assets/Materials using Guid(9f151ad33bcbc4adabd60e34488fcb7d) Importer(815301076,1909f56bfc062723c751e8b465ee728b)  -> (artifact id: '457c47fa2628be1e2728f8fe51d8ff5c') in 0.009786 seconds 
========================================================================
Received Import Request.
  Time since last request: 185.775447 seconds.
  path: Assets/Materials/Environmnet.mat
  artifactKey: Guid(f3600b062e397490cad3f748961b7c08) Importer(815301076,1909f56bfc062723c751e8b465ee728b)
Start importing Assets/Materials/Environmnet.mat using Guid(f3600b062e397490cad3f748961b7c08) Importer(815301076,1909f56bfc062723c751e8b465ee728b)  -> (artifact id: '68ee0b3bf47239a4fe71b0ae20ad04f0') in 1.450657 seconds 
========================================================================
Received Import Request.
  Time since last request: 172.031805 seconds.
  path: Assets/Materials/Pads.mat
  artifactKey: Guid(ed70fffef20dc4b43bc9041a754faaa9) Importer(815301076,1909f56bfc062723c751e8b465ee728b)
Start importing Assets/Materials/Pads.mat using Guid(ed70fffef20dc4b43bc9041a754faaa9) Importer(815301076,1909f56bfc062723c751e8b465ee728b)  -> (artifact id: 'a5ff1ab17b3f801ecd7f8ffb119c049a') in 0.014723 seconds 
========================================================================
Received Import Request.
  Time since last request: 171.451651 seconds.
  path: Assets/Materials/Rocklet.mat
  artifactKey: Guid(a7ae3eee2a97049309d054165b03ad7f) Importer(815301076,1909f56bfc062723c751e8b465ee728b)
Start importing Assets/Materials/Rocklet.mat using Guid(a7ae3eee2a97049309d054165b03ad7f) Importer(815301076,1909f56bfc062723c751e8b465ee728b)  -> (artifact id: 'e5f59ee8c9d5af7c55fc92b3d3e2714c') in 0.012602 seconds 
========================================================================
Received Import Request.
  Time since last request: 288.880093 seconds.
  path: Assets/Materials/RockletHead.mat
  artifactKey: Guid(f6086de38784b43ddb41df0ee32aafb7) Importer(815301076,1909f56bfc062723c751e8b465ee728b)
Start importing Assets/Materials/RockletHead.mat using Guid(f6086de38784b43ddb41df0ee32aafb7) Importer(815301076,1909f56bfc062723c751e8b465ee728b)  -> (artifact id: '6a3b9194377ec48e706c415a5aa9f0a7') in 0.011653 seconds 
========================================================================
Received Import Request.
  Time since last request: 251.231742 seconds.
  path: Assets/Scripts
  artifactKey: Guid(0a92238bb420c42748247f37fbd2a124) Importer(815301076,1909f56bfc062723c751e8b465ee728b)
Start importing Assets/Scripts using Guid(0a92238bb420c42748247f37fbd2a124) Importer(815301076,1909f56bfc062723c751e8b465ee728b)  -> (artifact id: '4e1f3903e0e9043499e6659a181000d3') in 0.003527 seconds 
========================================================================
Received Import Request.
  Time since last request: 33.478751 seconds.
  path: Assets/Ground.prefab
  artifactKey: Guid(ee0405b3f6c0147108f834ef051324a5) Importer(815301076,1909f56bfc062723c751e8b465ee728b)
Start importing Assets/Ground.prefab using Guid(ee0405b3f6c0147108f834ef051324a5) Importer(815301076,1909f56bfc062723c751e8b465ee728b)  -> (artifact id: 'bf0a7018e0e45f6b31259dbb9a74c1ff') in 0.543844 seconds 
========================================================================
Received Import Request.
  Time since last request: 10.932735 seconds.
  path: Assets/Launch Pad.prefab
  artifactKey: Guid(30daff33aa2f44fc39660866e0fbe552) Importer(815301076,1909f56bfc062723c751e8b465ee728b)
Start importing Assets/Launch Pad.prefab using Guid(30daff33aa2f44fc39660866e0fbe552) Importer(815301076,1909f56bfc062723c751e8b465ee728b)  -> (artifact id: 'c90c86bab182dfdfe4fbe89cde22ba04') in 0.017122 seconds 
========================================================================
Received Import Request.
  Time since last request: 2.050990 seconds.
  path: Assets/Landing Pad.prefab
  artifactKey: Guid(4257aa43512ac4d54b57298dcc47726f) Importer(815301076,1909f56bfc062723c751e8b465ee728b)
Start importing Assets/Landing Pad.prefab using Guid(4257aa43512ac4d54b57298dcc47726f) Importer(815301076,1909f56bfc062723c751e8b465ee728b)  -> (artifact id: '18db921d09d6531ad4ab24abb3aaa3cd') in 0.010962 seconds 
========================================================================
Received Import Request.
  Time since last request: 3.431009 seconds.
  path: Assets/Rocklet.prefab
  artifactKey: Guid(85a4b479da25743a693ea8a5102788e8) Importer(815301076,1909f56bfc062723c751e8b465ee728b)
Start importing Assets/Rocklet.prefab using Guid(85a4b479da25743a693ea8a5102788e8) Importer(815301076,1909f56bfc062723c751e8b465ee728b)  -> (artifact id: 'e1cbf077b9b1bcf057636f988b6edc95') in 0.015749 seconds 
========================================================================
Received Import Request.
  Time since last request: 106.904300 seconds.
  path: Assets/Materials/Launch.mat
  artifactKey: Guid(d3386790331ee48db97ae828c128259d) Importer(815301076,1909f56bfc062723c751e8b465ee728b)
Start importing Assets/Materials/Launch.mat using Guid(d3386790331ee48db97ae828c128259d) Importer(815301076,1909f56bfc062723c751e8b465ee728b)  -> (artifact id: '15ce8d4dcd25f9ed8c4934397a51b6bd') in 0.011990 seconds 
========================================================================
Received Import Request.
  Time since last request: 35.602197 seconds.
  path: Assets/Materials/Environmnet.mat
  artifactKey: Guid(f3600b062e397490cad3f748961b7c08) Importer(815301076,1909f56bfc062723c751e8b465ee728b)
Start importing Assets/Materials/Environmnet.mat using Guid(f3600b062e397490cad3f748961b7c08) Importer(815301076,1909f56bfc062723c751e8b465ee728b)  -> (artifact id: '225648b7ce8d7d4f238b8d7c0e8698c1') in 0.017618 seconds 
========================================================================
Received Import Request.
  Time since last request: 0.000094 seconds.
  path: Assets/Materials/Pads.mat
  artifactKey: Guid(ed70fffef20dc4b43bc9041a754faaa9) Importer(815301076,1909f56bfc062723c751e8b465ee728b)
Start importing Assets/Materials/Pads.mat using Guid(ed70fffef20dc4b43bc9041a754faaa9) Importer(815301076,1909f56bfc062723c751e8b465ee728b)  -> (artifact id: '6407b6426f34f7cb1b3ee7f2e5bf5351') in 0.014716 seconds 
========================================================================
Received Import Request.
  Time since last request: 0.000101 seconds.
  path: Assets/Materials/RockletHead.mat
  artifactKey: Guid(f6086de38784b43ddb41df0ee32aafb7) Importer(815301076,1909f56bfc062723c751e8b465ee728b)
Start importing Assets/Materials/RockletHead.mat using Guid(f6086de38784b43ddb41df0ee32aafb7) Importer(815301076,1909f56bfc062723c751e8b465ee728b)  -> (artifact id: 'f22b297719afcb672b25e15d8beea21c') in 0.011740 seconds 
========================================================================
Received Import Request.
  Time since last request: 0.000114 seconds.
  path: Assets/Materials/Rocklet.mat
  artifactKey: Guid(a7ae3eee2a97049309d054165b03ad7f) Importer(815301076,1909f56bfc062723c751e8b465ee728b)
Start importing Assets/Materials/Rocklet.mat using Guid(a7ae3eee2a97049309d054165b03ad7f) Importer(815301076,1909f56bfc062723c751e8b465ee728b)  -> (artifact id: '533f8434963229e479d53c8a86153174') in 0.010502 seconds 
========================================================================
Received Import Request.
  Time since last request: 11.100991 seconds.
  path: Assets/Ground.prefab
  artifactKey: Guid(ee0405b3f6c0147108f834ef051324a5) Importer(815301076,1909f56bfc062723c751e8b465ee728b)
Start importing Assets/Ground.prefab using Guid(ee0405b3f6c0147108f834ef051324a5) Importer(815301076,1909f56bfc062723c751e8b465ee728b)  -> (artifact id: '9db72d201397b4a2da9a5097c0fca8ed') in 0.011305 seconds 
========================================================================
Received Import Request.
  Time since last request: 0.000100 seconds.
  path: Assets/Launch Pad.prefab
  artifactKey: Guid(30daff33aa2f44fc39660866e0fbe552) Importer(815301076,1909f56bfc062723c751e8b465ee728b)
Start importing Assets/Launch Pad.prefab using Guid(30daff33aa2f44fc39660866e0fbe552) Importer(815301076,1909f56bfc062723c751e8b465ee728b)  -> (artifact id: 'ae8f33b79b62b0be3ef57aa7daf47fcd') in 0.015220 seconds 
========================================================================
Received Import Request.
  Time since last request: 0.000083 seconds.
  path: Assets/Rocklet.prefab
  artifactKey: Guid(85a4b479da25743a693ea8a5102788e8) Importer(815301076,1909f56bfc062723c751e8b465ee728b)
Start importing Assets/Rocklet.prefab using Guid(85a4b479da25743a693ea8a5102788e8) Importer(815301076,1909f56bfc062723c751e8b465ee728b)  -> (artifact id: '83f834479a3fd78e33eca14e373d5c71') in 0.018960 seconds 
========================================================================
Received Import Request.
  Time since last request: 7.418999 seconds.
  path: Assets/Scenes
  artifactKey: Guid(6ea315d0fd7389c41b19996891e99ae3) Importer(815301076,1909f56bfc062723c751e8b465ee728b)
Start importing Assets/Scenes using Guid(6ea315d0fd7389c41b19996891e99ae3) Importer(815301076,1909f56bfc062723c751e8b465ee728b)  -> (artifact id: 'b8193726cff86800c54781cdc6d54904') in 0.002236 seconds 
========================================================================
Received Import Request.
  Time since last request: 11.441199 seconds.
  path: Assets/Scenes/SampleScene.unity
  artifactKey: Guid(9fc0d4010bbf28b4594072e72b8655ab) Importer(815301076,1909f56bfc062723c751e8b465ee728b)
Start importing Assets/Scenes/SampleScene.unity using Guid(9fc0d4010bbf28b4594072e72b8655ab) Importer(815301076,1909f56bfc062723c751e8b465ee728b)  -> (artifact id: 'e62f9446415fc280659d5c5c21115e92') in 0.002690 seconds 
========================================================================
Received Import Request.
  Time since last request: 9.546311 seconds.
  path: Assets/Scenes/Sandbox.unity
  artifactKey: Guid(9fc0d4010bbf28b4594072e72b8655ab) Importer(815301076,1909f56bfc062723c751e8b465ee728b)
Start importing Assets/Scenes/Sandbox.unity using Guid(9fc0d4010bbf28b4594072e72b8655ab) Importer(815301076,1909f56bfc062723c751e8b465ee728b)  -> (artifact id: '0809168f6c3fb9f984b1b1409e8e849d') in 0.001874 seconds 
